<?xml version="1.0" encoding="UTF-8"?>
<!-- Generated by org.testng.reporters.JUnitXMLReporter -->
<testsuite ignored="2" hostname="Abhishek" failures="0" tests="3" name="Test" time="25.701" errors="0" timestamp="2024-03-30T12:11:47 IST">
  <testcase classname="testcases.RegisterTestcases" name="verifyRegistrationwithBlankData" time="5.848"/>
  <testcase classname="testcases.RegisterTestcases" name="verifyRegistrationwithValidData" time="6.602"/>
  <testcase classname="testcases.LoginPageObject" name="invalidLoginTest" time="4.72"/>
  <testcase classname="com.Resource.baseClass" name="@AfterSuite endReport" time="0.0">
    <ignored/>
  </testcase> <!-- @AfterSuite endReport -->
  <testcase classname="com.Resource.baseClass" name="@BeforeSuite ExtentReport" time="0.0">
    <ignored/>
  </testcase> <!-- @BeforeSuite ExtentReport -->
</testsuite> <!-- Test -->
