<?xml version="1.0" encoding="UTF-8"?>
<testng-results ignored="2" total="5" passed="3" failed="0" skipped="0">
  <reporter-output>
  </reporter-output>
  <suite started-at="2024-03-30T12:11:21 IST" name="Suite" finished-at="2024-03-30T12:11:46 IST" duration-ms="25701">
    <groups>
    </groups>
    <test started-at="2024-03-30T12:11:21 IST" name="Test" finished-at="2024-03-30T12:11:46 IST" duration-ms="25701">
      <class name="testcases.RegisterTestcases">
        <test-method is-config="true" signature="ExtentReport()[pri:0, instance:testcases.RegisterTestcases@1de76cc7]" started-at="2024-03-30T12:11:20 IST" name="ExtentReport" finished-at="2024-03-30T12:11:21 IST" duration-ms="573" status="PASS">
          <reporter-output>
          </reporter-output>
        </test-method> <!-- ExtentReport -->
        <test-method is-config="true" signature="launchBroswer()[pri:0, instance:testcases.RegisterTestcases@1de76cc7]" started-at="2024-03-30T12:11:21 IST" name="launchBroswer" finished-at="2024-03-30T12:11:25 IST" duration-ms="4004" status="PASS">
          <reporter-output>
          </reporter-output>
        </test-method> <!-- launchBroswer -->
        <test-method signature="verifyRegistrationwithBlankData()[pri:0, instance:testcases.RegisterTestcases@1de76cc7]" started-at="2024-03-30T12:11:25 IST" name="verifyRegistrationwithBlankData" finished-at="2024-03-30T12:11:31 IST" duration-ms="5848" status="PASS">
          <reporter-output>
          </reporter-output>
        </test-method> <!-- verifyRegistrationwithBlankData -->
        <test-method signature="verifyRegistrationwithValidData()[pri:0, instance:testcases.RegisterTestcases@1de76cc7]" started-at="2024-03-30T12:11:31 IST" name="verifyRegistrationwithValidData" finished-at="2024-03-30T12:11:37 IST" duration-ms="6602" status="PASS">
          <reporter-output>
          </reporter-output>
        </test-method> <!-- verifyRegistrationwithValidData -->
        <test-method is-config="true" signature="endReport()[pri:0, instance:testcases.RegisterTestcases@1de76cc7]" started-at="2024-03-30T12:11:47 IST" name="endReport" finished-at="2024-03-30T12:11:47 IST" duration-ms="868" status="PASS">
          <reporter-output>
          </reporter-output>
        </test-method> <!-- endReport -->
      </class> <!-- testcases.RegisterTestcases -->
      <class name="testcases.LoginPageObject">
        <test-method is-config="true" signature="launchBroswer()[pri:0, instance:testcases.LoginPageObject@6e0f5f7f]" started-at="2024-03-30T12:11:37 IST" name="launchBroswer" finished-at="2024-03-30T12:11:42 IST" duration-ms="4455" status="PASS">
          <reporter-output>
          </reporter-output>
        </test-method> <!-- launchBroswer -->
        <test-method signature="invalidLoginTest()[pri:0, instance:testcases.LoginPageObject@6e0f5f7f]" started-at="2024-03-30T12:11:42 IST" name="invalidLoginTest" finished-at="2024-03-30T12:11:46 IST" duration-ms="4720" status="PASS">
          <reporter-output>
          </reporter-output>
        </test-method> <!-- invalidLoginTest -->
      </class> <!-- testcases.LoginPageObject -->
    </test> <!-- Test -->
  </suite> <!-- Suite -->
</testng-results>
